<?xml version="1.0" encoding="UTF-8"?>
<!-- Generated by org.testng.reporters.JUnitReportReporter -->
<testsuite hostname="User-PC" failures="0" tests="1" name="com.qa.tests.LoginTests" time="0.019" errors="0" timestamp="15 Jan 2021 12:59:31 GMT" skipped="0">
  <testcase classname="com.qa.tests.LoginTests" name="LT" time="0.019"/>
</testsuite> <!-- com.qa.tests.LoginTests -->
